1504595189733	geckodriver	INFO	geckodriver 0.18.0
1504595189740	geckodriver	INFO	Listening on 127.0.0.1:60295
1504595312507	geckodriver	INFO	geckodriver 0.18.0
1504595312515	geckodriver	INFO	Listening on 127.0.0.1:60396
1504595313587	geckodriver::marionette	INFO	Starting browser /Applications/Firefox.app/Contents/MacOS/firefox-bin with args ["-marionette"]
1504595313963	addons.xpi	WARN	Error parsing extensions state: [Exception... "Component returned failure code: 0x80520012 (NS_ERROR_FILE_NOT_FOUND) [amIAddonManagerStartup.readStartupData]"  nsresult: "0x80520012 (NS_ERROR_FILE_NOT_FOUND)"  location: "JS frame :: resource://gre/modules/addons/XPIProvider.jsm :: loadExtensionState :: line 1596"  data: no] Stack trace: loadExtensionState()@resource://gre/modules/addons/XPIProvider.jsm:1596 < getInstallState()@resource://gre/modules/addons/XPIProvider.jsm:1631 < checkForChanges()@resource://gre/modules/addons/XPIProvider.jsm:3152 < startup()@resource://gre/modules/addons/XPIProvider.jsm:2246 < callProvider()@resource://gre/modules/AddonManager.jsm:271 < _startProvider()@resource://gre/modules/AddonManager.jsm:741 < startup()@resource://gre/modules/AddonManager.jsm:908 < startup()@resource://gre/modules/AddonManager.jsm:3122 < observe()@jar:file:///Applications/Firefox.app/Contents/Resources/omni.ja!/components/addonManager.js:65
1504595314313	Marionette	INFO	Enabled via --marionette
2017-09-05 12:38:35.570 plugin-container[14396:1007245] *** CFMessagePort: bootstrap_register(): failed 1100 (0x44c) 'Permission denied', port = 0xa233, name = 'com.apple.tsm.portname'
See /usr/include/servers/bootstrap_defs.h for the error codes.
2017-09-05 12:38:35.574 plugin-container[14396:1007245] *** CFMessagePort: bootstrap_register(): failed 1100 (0x44c) 'Permission denied', port = 0xa603, name = 'com.apple.CFPasteboardClient'
See /usr/include/servers/bootstrap_defs.h for the error codes.
1504595315920	Marionette	INFO	Listening on port 60406
JavaScript error: chrome://marionette/content/server.js, line 337: NS_ERROR_SOCKET_ADDRESS_IN_USE: Component returned failure code: 0x804b0036 (NS_ERROR_SOCKET_ADDRESS_IN_USE) [nsIServerSocket.initSpecialConnection]
1504595316013	Marionette	WARN	TLS certificate errors will be ignored for this session
1504595316063	Marionette	DEBUG	loaded listener.js
1504595316083	Marionette	DEBUG	Received DOM event "beforeunload" for "about:blank"
1504595317528	Marionette	DEBUG	Received DOM event "pagehide" for "about:blank"
1504595317528	Marionette	DEBUG	Received DOM event "unload" for "about:blank"
1504595318876	Marionette	DEBUG	Received DOM event "DOMContentLoaded" for "https://www.python.org/"
1504595319341	Marionette	DEBUG	Received DOM event "pageshow" for "https://www.python.org/"
[GFX1-]: Receive IPC close with reason=AbnormalShutdown
1504595328883	geckodriver	INFO	geckodriver 0.18.0
1504595328886	geckodriver	INFO	Listening on 127.0.0.1:60492
1504595329999	geckodriver::marionette	INFO	Starting browser /Applications/Firefox.app/Contents/MacOS/firefox-bin with args ["-marionette"]
1504595330338	addons.xpi	WARN	Error parsing extensions state: [Exception... "Component returned failure code: 0x80520012 (NS_ERROR_FILE_NOT_FOUND) [amIAddonManagerStartup.readStartupData]"  nsresult: "0x80520012 (NS_ERROR_FILE_NOT_FOUND)"  location: "JS frame :: resource://gre/modules/addons/XPIProvider.jsm :: loadExtensionState :: line 1596"  data: no] Stack trace: loadExtensionState()@resource://gre/modules/addons/XPIProvider.jsm:1596 < getInstallState()@resource://gre/modules/addons/XPIProvider.jsm:1631 < checkForChanges()@resource://gre/modules/addons/XPIProvider.jsm:3152 < startup()@resource://gre/modules/addons/XPIProvider.jsm:2246 < callProvider()@resource://gre/modules/AddonManager.jsm:271 < _startProvider()@resource://gre/modules/AddonManager.jsm:741 < startup()@resource://gre/modules/AddonManager.jsm:908 < startup()@resource://gre/modules/AddonManager.jsm:3122 < observe()@jar:file:///Applications/Firefox.app/Contents/Resources/omni.ja!/components/addonManager.js:65
1504595330643	Marionette	INFO	Enabled via --marionette
2017-09-05 12:38:52.030 plugin-container[14403:1007902] *** CFMessagePort: bootstrap_register(): failed 1100 (0x44c) 'Permission denied', port = 0xa13b, name = 'com.apple.tsm.portname'
See /usr/include/servers/bootstrap_defs.h for the error codes.
2017-09-05 12:38:52.031 plugin-container[14403:1007902] *** CFMessagePort: bootstrap_register(): failed 1100 (0x44c) 'Permission denied', port = 0xa403, name = 'com.apple.CFPasteboardClient'
See /usr/include/servers/bootstrap_defs.h for the error codes.
2017-09-05 12:38:52.865 firefox-bin[14402:1007799] IMKInputSession presentFunctionRowItemTextInputViewWithEndpoint:completionHandler: : *NO* NSRemoteViewController to client, NSError=Error Domain=NSCocoaErrorDomain Code=4097 "connection from pid 0" UserInfo={NSDebugDescription=connection from pid 0}, com.apple.inputmethod.EmojiFunctionRowItem
2017-09-05 12:38:52.897 firefox-bin[14402:1007799] IMKInputSession presentFunctionRowItemTextInputViewWithEndpoint:completionHandler: : *NO* NSRemoteViewController to client, NSError=Error Domain=NSCocoaErrorDomain Code=4097 "connection from pid 0" UserInfo={NSDebugDescription=connection from pid 0}, com.apple.inputmethod.EmojiFunctionRowItem
1504595333032	Marionette	INFO	Listening on port 60502
JavaScript error: chrome://marionette/content/server.js, line 337: NS_ERROR_SOCKET_ADDRESS_IN_USE: Component returned failure code: 0x804b0036 (NS_ERROR_SOCKET_ADDRESS_IN_USE) [nsIServerSocket.initSpecialConnection]
1504595333099	Marionette	WARN	TLS certificate errors will be ignored for this session
1504595333138	Marionette	DEBUG	loaded listener.js
1504595333162	Marionette	DEBUG	Received DOM event "beforeunload" for "about:blank"
1504595334072	Marionette	DEBUG	Received DOM event "pagehide" for "about:blank"
1504595334073	Marionette	DEBUG	Received DOM event "unload" for "about:blank"
1504595335030	Marionette	DEBUG	Received DOM event "DOMContentLoaded" for "https://www.python.org/"
1504595335094	Marionette	DEBUG	Received DOM event "pageshow" for "https://www.python.org/"
2017-09-05 12:38:55.217 firefox-bin[14402:1007799] IMKInputSession presentFunctionRowItemTextInputViewWithEndpoint:completionHandler: : *NO* NSRemoteViewController to client, NSError=Error Domain=NSCocoaErrorDomain Code=4097 "connection from pid 0" UserInfo={NSDebugDescription=connection from pid 0}, com.apple.inputmethod.EmojiFunctionRowItem
1504597893620	geckodriver	INFO	geckodriver 0.18.0
1504597893624	geckodriver	INFO	Listening on 127.0.0.1:61662
1504597894719	geckodriver::marionette	INFO	Starting browser /Applications/Firefox.app/Contents/MacOS/firefox-bin with args ["-marionette"]
1504597895074	addons.xpi	WARN	Error parsing extensions state: [Exception... "Component returned failure code: 0x80520012 (NS_ERROR_FILE_NOT_FOUND) [amIAddonManagerStartup.readStartupData]"  nsresult: "0x80520012 (NS_ERROR_FILE_NOT_FOUND)"  location: "JS frame :: resource://gre/modules/addons/XPIProvider.jsm :: loadExtensionState :: line 1596"  data: no] Stack trace: loadExtensionState()@resource://gre/modules/addons/XPIProvider.jsm:1596 < getInstallState()@resource://gre/modules/addons/XPIProvider.jsm:1631 < checkForChanges()@resource://gre/modules/addons/XPIProvider.jsm:3152 < startup()@resource://gre/modules/addons/XPIProvider.jsm:2246 < callProvider()@resource://gre/modules/AddonManager.jsm:271 < _startProvider()@resource://gre/modules/AddonManager.jsm:741 < startup()@resource://gre/modules/AddonManager.jsm:908 < startup()@resource://gre/modules/AddonManager.jsm:3122 < observe()@jar:file:///Applications/Firefox.app/Contents/Resources/omni.ja!/components/addonManager.js:65
1504597895438	Marionette	INFO	Enabled via --marionette
2017-09-05 13:21:36.843 plugin-container[14659:1024749] *** CFMessagePort: bootstrap_register(): failed 1100 (0x44c) 'Permission denied', port = 0xa13b, name = 'com.apple.tsm.portname'
See /usr/include/servers/bootstrap_defs.h for the error codes.
2017-09-05 13:21:36.847 plugin-container[14659:1024749] *** CFMessagePort: bootstrap_register(): failed 1100 (0x44c) 'Permission denied', port = 0xa403, name = 'com.apple.CFPasteboardClient'
See /usr/include/servers/bootstrap_defs.h for the error codes.
1504597896999	Marionette	INFO	Listening on port 61671
JavaScript error: chrome://marionette/content/server.js, line 337: NS_ERROR_SOCKET_ADDRESS_IN_USE: Component returned failure code: 0x804b0036 (NS_ERROR_SOCKET_ADDRESS_IN_USE) [nsIServerSocket.initSpecialConnection]
1504597897116	Marionette	WARN	TLS certificate errors will be ignored for this session
1504597897153	Marionette	DEBUG	loaded listener.js
1504597897167	Marionette	DEBUG	Received DOM event "beforeunload" for "about:blank"
1504597898716	Marionette	DEBUG	Received DOM event "pagehide" for "about:blank"
1504597898717	Marionette	DEBUG	Received DOM event "unload" for "about:blank"
1504597900224	Marionette	DEBUG	Received DOM event "DOMContentLoaded" for "https://www.python.org/"
1504597901408	Marionette	DEBUG	Received DOM event "pageshow" for "https://www.python.org/"
1504597901642	Marionette	INFO	New connections will no longer be accepted
